# JRE version: OpenJDK Runtime Environment Temurin-21.0.10+7 (21.0.10+7) (build 21.0.10+7-LTS)
# Java VM: OpenJDK 64-Bit Server VM Temurin-21.0.10+7 (21.0.10+7-LTS, mixed mode, sharing, tiered, compressed oops, compressed class ptrs, parallel gc, windows-amd64)
GC Precious Log:
 CardTable entry size: 512
 CPUs: 4 total, 4 available
 Memory: 3915M
 Large Page Support: Disabled
 NUMA Support: Disabled
 Compressed Oops: Enabled (32-bit)
 Alignments: Space 512K, Generation 512K, Heap 2M
 Heap Min Capacity: 100M
 Heap Initial Capacity: 100M
 Heap Max Capacity: 2G
 Pre-touch: Disabled
 Parallel Workers: 4
Heap:
 PSYoungGen      total 10752K, used 4616K [0x00000000d5580000, 0x00000000d6200000, 0x0000000100000000)
  eden space 9216K, 34% used [0x00000000d5580000,0x00000000d5892e90,0x00000000d5e80000)
  from space 1536K, 95% used [0x00000000d6080000,0x00000000d61ef560,0x00000000d6200000)
  to   space 1536K, 0% used [0x00000000d5f00000,0x00000000d5f00000,0x00000000d6080000)
 ParOldGen       total 137728K, used 137695K [0x0000000080000000, 0x0000000088680000, 0x00000000d5580000)
  object space 137728K, 99% used [0x0000000080000000,0x0000000088677cf0,0x0000000088680000)
 Metaspace       used 68426K, committed 70016K, reserved 1114112K
  class space    used 7059K, committed 7744K, reserved 1048576K
GC Heap History (20 events):
Event: 69.720 GC heap before
{Heap before GC invocations=216 (full 3):
 PSYoungGen      total 10240K, used 10157K [0x00000000d5580000, 0x00000000d6300000, 0x0000000100000000)
  eden space 9728K, 99% used [0x00000000d5580000,0x00000000d5eee2d0,0x00000000d5f00000)
  from space 512K, 97% used [0x00000000d6280000,0x00000000d62fd438,0x00000000d6300000)
  to   space 1024K, 0% used [0x00000000d6100000,0x00000000d6100000,0x00000000d6200000)
 ParOldGen       total 125952K, used 125614K [0x0000000080000000, 0x0000000087b00000, 0x00000000d5580000)
  object space 125952K, 99% used [0x0000000080000000,0x0000000087aabb60,0x0000000087b00000)
 Metaspace       used 67425K, committed 68992K, reserved 1114112K
  class space    used 7026K, committed 7744K, reserved 1048576K
}
Event: 69.775 GC heap after
{Heap after GC invocations=216 (full 3):
 PSYoungGen      total 10752K, used 995K [0x00000000d5580000, 0x00000000d6300000, 0x0000000100000000)
  eden space 9728K, 0% used [0x00000000d5580000,0x00000000d5580000,0x00000000d5f00000)
  from space 1024K, 97% used [0x00000000d6100000,0x00000000d61f8f50,0x00000000d6200000)
  to   space 1024K, 0% used [0x00000000d6200000,0x00000000d6200000,0x00000000d6300000)
 ParOldGen       total 126464K, used 126304K [0x0000000080000000, 0x0000000087b80000, 0x00000000d5580000)
  object space 126464K, 99% used [0x0000000080000000,0x0000000087b583f0,0x0000000087b80000)
 Metaspace       used 67425K, committed 68992K, reserved 1114112K
  class space    used 7026K, committed 7744K, reserved 1048576K
}
Event: 70.343 GC heap before
{Heap before GC invocations=217 (full 3):
 PSYoungGen      total 10752K, used 10705K [0x00000000d5580000, 0x00000000d6300000, 0x0000000100000000)
  eden space 9728K, 99% used [0x00000000d5580000,0x00000000d5efb780,0x00000000d5f00000)
  from space 1024K, 97% used [0x00000000d6100000,0x00000000d61f8f50,0x00000000d6200000)
  to   space 1024K, 0% used [0x00000000d6200000,0x00000000d6200000,0x00000000d6300000)
 ParOldGen       total 126464K, used 126304K [0x0000000080000000, 0x0000000087b80000, 0x00000000d5580000)
  object space 126464K, 99% used [0x0000000080000000,0x0000000087b583f0,0x0000000087b80000)
 Metaspace       used 67448K, committed 69056K, reserved 1114112K
  class space    used 7027K, committed 7744K, reserved 1048576K
}
Event: 70.353 GC heap after
{Heap after GC invocations=217 (full 3):
 PSYoungGen      total 10752K, used 576K [0x00000000d5580000, 0x00000000d6300000, 0x0000000100000000)
  eden space 9728K, 0% used [0x00000000d5580000,0x00000000d5580000,0x00000000d5f00000)
  from space 1024K, 56% used [0x00000000d6200000,0x00000000d6290000,0x00000000d6300000)
  to   space 1024K, 0% used [0x00000000d6100000,0x00000000d6100000,0x00000000d6200000)
 ParOldGen       total 127488K, used 127259K [0x0000000080000000, 0x0000000087c80000, 0x00000000d5580000)
  object space 127488K, 99% used [0x0000000080000000,0x0000000087c46f88,0x0000000087c80000)
 Metaspace       used 67448K, committed 69056K, reserved 1114112K
  class space    used 7027K, committed 7744K, reserved 1048576K
}
Event: 70.549 GC heap before
{Heap before GC invocations=218 (full 3):
 PSYoungGen      total 10752K, used 10304K [0x00000000d5580000, 0x00000000d6300000, 0x0000000100000000)
  eden space 9728K, 100% used [0x00000000d5580000,0x00000000d5f00000,0x00000000d5f00000)
  from space 1024K, 56% used [0x00000000d6200000,0x00000000d6290000,0x00000000d6300000)
  to   space 1024K, 0% used [0x00000000d6100000,0x00000000d6100000,0x00000000d6200000)
 ParOldGen       total 127488K, used 127259K [0x0000000080000000, 0x0000000087c80000, 0x00000000d5580000)
  object space 127488K, 99% used [0x0000000080000000,0x0000000087c46f88,0x0000000087c80000)
 Metaspace       used 67469K, committed 69056K, reserved 1114112K
  class space    used 7028K, committed 7744K, reserved 1048576K
}
Event: 70.553 GC heap after
{Heap after GC invocations=218 (full 3):
 PSYoungGen      total 10752K, used 224K [0x00000000d5580000, 0x00000000d6280000, 0x0000000100000000)
  eden space 9728K, 0% used [0x00000000d5580000,0x00000000d5580000,0x00000000d5f00000)
  from space 1024K, 21% used [0x00000000d6100000,0x00000000d6138000,0x00000000d6200000)
  to   space 512K, 0% used [0x00000000d6200000,0x00000000d6200000,0x00000000d6280000)
 ParOldGen       total 128000K, used 127774K [0x0000000080000000, 0x0000000087d00000, 0x00000000d5580000)
  object space 128000K, 99% used [0x0000000080000000,0x0000000087cc7860,0x0000000087d00000)
 Metaspace       used 67469K, committed 69056K, reserved 1114112K
  class space    used 7028K, committed 7744K, reserved 1048576K
}
Event: 70.892 GC heap before
{Heap before GC invocations=219 (full 3):
 PSYoungGen      total 10752K, used 9952K [0x00000000d5580000, 0x00000000d6280000, 0x0000000100000000)
  eden space 9728K, 100% used [0x00000000d5580000,0x00000000d5f00000,0x00000000d5f00000)
  from space 1024K, 21% used [0x00000000d6100000,0x00000000d6138000,0x00000000d6200000)
  to   space 512K, 0% used [0x00000000d6200000,0x00000000d6200000,0x00000000d6280000)
 ParOldGen       total 128000K, used 127774K [0x0000000080000000, 0x0000000087d00000, 0x00000000d5580000)
  object space 128000K, 99% used [0x0000000080000000,0x0000000087cc7860,0x0000000087d00000)
 Metaspace       used 67501K, committed 69056K, reserved 1114112K
  class space    used 7028K, committed 7744K, reserved 1048576K
}
Event: 70.894 GC heap after
{Heap after GC invocations=219 (full 3):
 PSYoungGen      total 10240K, used 504K [0x00000000d5580000, 0x00000000d6280000, 0x0000000100000000)
  eden space 9728K, 0% used [0x00000000d5580000,0x00000000d5580000,0x00000000d5f00000)
  from space 512K, 98% used [0x00000000d6200000,0x00000000d627e268,0x00000000d6280000)
  to   space 1536K, 0% used [0x00000000d5f80000,0x00000000d5f80000,0x00000000d6100000)
 ParOldGen       total 128512K, used 128173K [0x0000000080000000, 0x0000000087d80000, 0x00000000d5580000)
  object space 128512K, 99% used [0x0000000080000000,0x0000000087d2b530,0x0000000087d80000)
 Metaspace       used 67501K, committed 69056K, reserved 1114112K
  class space    used 7028K, committed 7744K, reserved 1048576K
}
Event: 71.178 GC heap before
{Heap before GC invocations=220 (full 3):
 PSYoungGen      total 10240K, used 10232K [0x00000000d5580000, 0x00000000d6280000, 0x0000000100000000)
  eden space 9728K, 100% used [0x00000000d5580000,0x00000000d5f00000,0x00000000d5f00000)
  from space 512K, 98% used [0x00000000d6200000,0x00000000d627e268,0x00000000d6280000)
  to   space 1536K, 0% used [0x00000000d5f80000,0x00000000d5f80000,0x00000000d6100000)
 ParOldGen       total 128512K, used 128173K [0x0000000080000000, 0x0000000087d80000, 0x00000000d5580000)
  object space 128512K, 99% used [0x0000000080000000,0x0000000087d2b530,0x0000000087d80000)
 Metaspace       used 67531K, committed 69120K, reserved 1114112K
  class space    used 7028K, committed 7744K, reserved 1048576K
}
Event: 71.183 GC heap after
{Heap after GC invocations=220 (full 3):
 PSYoungGen      total 11264K, used 672K [0x00000000d5580000, 0x00000000d6280000, 0x0000000100000000)
  eden space 9728K, 0% used [0x00000000d5580000,0x00000000d5580000,0x00000000d5f00000)
  from space 1536K, 43% used [0x00000000d5f80000,0x00000000d6028020,0x00000000d6100000)
  to   space 1024K, 0% used [0x00000000d6180000,0x00000000d6180000,0x00000000d6280000)
 ParOldGen       total 129024K, used 128683K [0x0000000080000000, 0x0000000087e00000, 0x00000000d5580000)
  object space 129024K, 99% used [0x0000000080000000,0x0000000087daac48,0x0000000087e00000)
 Metaspace       used 67531K, committed 69120K, reserved 1114112K
  class space    used 7028K, committed 7744K, reserved 1048576K
}
Event: 72.076 GC heap before
{Heap before GC invocations=221 (full 3):
 PSYoungGen      total 11264K, used 10400K [0x00000000d5580000, 0x00000000d6280000, 0x0000000100000000)
  eden space 9728K, 100% used [0x00000000d5580000,0x00000000d5f00000,0x00000000d5f00000)
  from space 1536K, 43% used [0x00000000d5f80000,0x00000000d6028020,0x00000000d6100000)
  to   space 1024K, 0% used [0x00000000d6180000,0x00000000d6180000,0x00000000d6280000)
 ParOldGen       total 129024K, used 128683K [0x0000000080000000, 0x0000000087e00000, 0x00000000d5580000)
  object space 129024K, 99% used [0x0000000080000000,0x0000000087daac48,0x0000000087e00000)
 Metaspace       used 67733K, committed 69248K, reserved 1114112K
  class space    used 7031K, committed 7744K, reserved 1048576K
}
Event: 72.086 GC heap after
{Heap after GC invocations=221 (full 3):
 PSYoungGen      total 10240K, used 1012K [0x00000000d5580000, 0x00000000d6500000, 0x0000000100000000)
  eden space 9216K, 0% used [0x00000000d5580000,0x00000000d5580000,0x00000000d5e80000)
  from space 1024K, 98% used [0x00000000d6180000,0x00000000d627d050,0x00000000d6280000)
  to   space 3072K, 0% used [0x00000000d5e80000,0x00000000d5e80000,0x00000000d6180000)
 ParOldGen       total 130560K, used 130281K [0x0000000080000000, 0x0000000087f80000, 0x00000000d5580000)
  object space 130560K, 99% used [0x0000000080000000,0x0000000087f3a778,0x0000000087f80000)
 Metaspace       used 67733K, committed 69248K, reserved 1114112K
  class space    used 7031K, committed 7744K, reserved 1048576K
}
Event: 72.800 GC heap before
{Heap before GC invocations=222 (full 3):
 PSYoungGen      total 10240K, used 10228K [0x00000000d5580000, 0x00000000d6500000, 0x0000000100000000)
  eden space 9216K, 100% used [0x00000000d5580000,0x00000000d5e80000,0x00000000d5e80000)
  from space 1024K, 98% used [0x00000000d6180000,0x00000000d627d050,0x00000000d6280000)
  to   space 3072K, 0% used [0x00000000d5e80000,0x00000000d5e80000,0x00000000d6180000)
 ParOldGen       total 130560K, used 130281K [0x0000000080000000, 0x0000000087f80000, 0x00000000d5580000)
  object space 130560K, 99% used [0x0000000080000000,0x0000000087f3a778,0x0000000087f80000)
 Metaspace       used 67995K, committed 69568K, reserved 1114112K
  class space    used 7035K, committed 7744K, reserved 1048576K
}
Event: 72.805 GC heap after
{Heap after GC invocations=222 (full 3):
 PSYoungGen      total 12288K, used 3019K [0x00000000d5580000, 0x00000000d6580000, 0x0000000100000000)
  eden space 9216K, 0% used [0x00000000d5580000,0x00000000d5580000,0x00000000d5e80000)
  from space 3072K, 98% used [0x00000000d5e80000,0x00000000d6172c68,0x00000000d6180000)
  to   space 3584K, 0% used [0x00000000d6200000,0x00000000d6200000,0x00000000d6580000)
 ParOldGen       total 131584K, used 131426K [0x0000000080000000, 0x0000000088080000, 0x00000000d5580000)
  object space 131584K, 99% used [0x0000000080000000,0x0000000088058b08,0x0000000088080000)
 Metaspace       used 67995K, committed 69568K, reserved 1114112K
  class space    used 7035K, committed 7744K, reserved 1048576K
}
Event: 73.106 GC heap before
{Heap before GC invocations=223 (full 3):
 PSYoungGen      total 12288K, used 12235K [0x00000000d5580000, 0x00000000d6580000, 0x0000000100000000)
  eden space 9216K, 100% used [0x00000000d5580000,0x00000000d5e80000,0x00000000d5e80000)
  from space 3072K, 98% used [0x00000000d5e80000,0x00000000d6172c68,0x00000000d6180000)
  to   space 3584K, 0% used [0x00000000d6200000,0x00000000d6200000,0x00000000d6580000)
 ParOldGen       total 131584K, used 131426K [0x0000000080000000, 0x0000000088080000, 0x00000000d5580000)
  object space 131584K, 99% used [0x0000000080000000,0x0000000088058b08,0x0000000088080000)
 Metaspace       used 68020K, committed 69568K, reserved 1114112K
  class space    used 7035K, committed 7744K, reserved 1048576K
}
Event: 73.112 GC heap after
{Heap after GC invocations=223 (full 3):
 PSYoungGen      total 11264K, used 1963K [0x00000000d5580000, 0x00000000d6400000, 0x0000000100000000)
  eden space 9216K, 0% used [0x00000000d5580000,0x00000000d5580000,0x00000000d5e80000)
  from space 2048K, 95% used [0x00000000d6200000,0x00000000d63eacc0,0x00000000d6400000)
  to   space 2560K, 0% used [0x00000000d5f00000,0x00000000d5f00000,0x00000000d6180000)
 ParOldGen       total 134656K, used 134397K [0x0000000080000000, 0x0000000088380000, 0x00000000d5580000)
  object space 134656K, 99% used [0x0000000080000000,0x000000008833f578,0x0000000088380000)
 Metaspace       used 68020K, committed 69568K, reserved 1114112K
  class space    used 7035K, committed 7744K, reserved 1048576K
}
Event: 73.373 GC heap before
{Heap before GC invocations=224 (full 3):
 PSYoungGen      total 11264K, used 11179K [0x00000000d5580000, 0x00000000d6400000, 0x0000000100000000)
  eden space 9216K, 100% used [0x00000000d5580000,0x00000000d5e80000,0x00000000d5e80000)
  from space 2048K, 95% used [0x00000000d6200000,0x00000000d63eacc0,0x00000000d6400000)
  to   space 2560K, 0% used [0x00000000d5f00000,0x00000000d5f00000,0x00000000d6180000)
 ParOldGen       total 134656K, used 134397K [0x0000000080000000, 0x0000000088380000, 0x00000000d5580000)
  object space 134656K, 99% used [0x0000000080000000,0x000000008833f578,0x0000000088380000)
 Metaspace       used 68050K, committed 69568K, reserved 1114112K
  class space    used 7038K, committed 7744K, reserved 1048576K
}
Event: 73.381 GC heap after
{Heap after GC invocations=224 (full 3):
 PSYoungGen      total 10752K, used 1493K [0x00000000d5580000, 0x00000000d6280000, 0x0000000100000000)
  eden space 9216K, 0% used [0x00000000d5580000,0x00000000d5580000,0x00000000d5e80000)
  from space 1536K, 97% used [0x00000000d5f00000,0x00000000d6075480,0x00000000d6080000)
  to   space 2048K, 0% used [0x00000000d6080000,0x00000000d6080000,0x00000000d6280000)
 ParOldGen       total 136704K, used 136262K [0x0000000080000000, 0x0000000088580000, 0x00000000d5580000)
  object space 136704K, 99% used [0x0000000080000000,0x0000000088511860,0x0000000088580000)
 Metaspace       used 68050K, committed 69568K, reserved 1114112K
  class space    used 7038K, committed 7744K, reserved 1048576K
}
Event: 73.722 GC heap before
{Heap before GC invocations=225 (full 3):
 PSYoungGen      total 10752K, used 10709K [0x00000000d5580000, 0x00000000d6280000, 0x0000000100000000)
  eden space 9216K, 100% used [0x00000000d5580000,0x00000000d5e80000,0x00000000d5e80000)
  from space 1536K, 97% used [0x00000000d5f00000,0x00000000d6075480,0x00000000d6080000)
  to   space 2048K, 0% used [0x00000000d6080000,0x00000000d6080000,0x00000000d6280000)
 ParOldGen       total 136704K, used 136262K [0x0000000080000000, 0x0000000088580000, 0x00000000d5580000)
  object space 136704K, 99% used [0x0000000080000000,0x0000000088511860,0x0000000088580000)
 Metaspace       used 68255K, committed 69760K, reserved 1114112K
  class space    used 7056K, committed 7744K, reserved 1048576K
}
Event: 73.729 GC heap after
{Heap after GC invocations=225 (full 3):
 PSYoungGen      total 10752K, used 1469K [0x00000000d5580000, 0x00000000d6200000, 0x0000000100000000)
  eden space 9216K, 0% used [0x00000000d5580000,0x00000000d5580000,0x00000000d5e80000)
  from space 1536K, 95% used [0x00000000d6080000,0x00000000d61ef560,0x00000000d6200000)
  to   space 1536K, 0% used [0x00000000d5f00000,0x00000000d5f00000,0x00000000d6080000)
 ParOldGen       total 137728K, used 137695K [0x0000000080000000, 0x0000000088680000, 0x00000000d5580000)
  object space 137728K, 99% used [0x0000000080000000,0x0000000088677cf0,0x0000000088680000)
 Metaspace       used 68255K, committed 69760K, reserved 1114112K
  class space    used 7056K, committed 7744K, reserved 1048576K
}

