# JRE version: OpenJDK Runtime Environment Temurin-21.0.10+7 (21.0.10+7) (build 21.0.10+7-LTS)
# Java VM: OpenJDK 64-Bit Server VM Temurin-21.0.10+7 (21.0.10+7-LTS, mixed mode, sharing, tiered, compressed oops, compressed class ptrs, parallel gc, windows-amd64)
GC Precious Log:
 CardTable entry size: 512
 CPUs: 4 total, 4 available
 Memory: 3915M
 Large Page Support: Disabled
 NUMA Support: Disabled
 Compressed Oops: Enabled (32-bit)
 Alignments: Space 512K, Generation 512K, Heap 2M
 Heap Min Capacity: 100M
 Heap Initial Capacity: 100M
 Heap Max Capacity: 2G
 Pre-touch: Disabled
 Parallel Workers: 4
Heap:
 PSYoungGen      total 5632K, used 5259K [0x00000000d5580000, 0x00000000d5e00000, 0x0000000100000000)
  eden space 4608K, 100% used [0x00000000d5580000,0x00000000d5a00000,0x00000000d5a00000)
  from space 1024K, 63% used [0x00000000d5d00000,0x00000000d5da2c98,0x00000000d5e00000)
  to   space 1536K, 99% used [0x00000000d5b00000,0x00000000d5c7ebe0,0x00000000d5c80000)
 ParOldGen       total 164864K, used 164857K [0x0000000080000000, 0x000000008a100000, 0x00000000d5580000)
  object space 164864K, 99% used [0x0000000080000000,0x000000008a0fe700,0x000000008a100000)
 Metaspace       used 69355K, committed 70848K, reserved 1114112K
  class space    used 7118K, committed 7744K, reserved 1048576K
GC Heap History (20 events):
Event: 65.192 GC heap before
{Heap before GC invocations=294 (full 3):
 PSYoungGen      total 7168K, used 7040K [0x00000000d5580000, 0x00000000d5e00000, 0x0000000100000000)
  eden space 6656K, 100% used [0x00000000d5580000,0x00000000d5c00000,0x00000000d5c00000)
  from space 512K, 75% used [0x00000000d5d80000,0x00000000d5de0000,0x00000000d5e00000)
  to   space 512K, 0% used [0x00000000d5c00000,0x00000000d5c00000,0x00000000d5c80000)
 ParOldGen       total 150528K, used 150313K [0x0000000080000000, 0x0000000089300000, 0x00000000d5580000)
  object space 150528K, 99% used [0x0000000080000000,0x00000000892ca698,0x0000000089300000)
 Metaspace       used 68941K, committed 70400K, reserved 1114112K
  class space    used 7074K, committed 7680K, reserved 1048576K
}
Event: 65.202 GC heap after
{Heap after GC invocations=294 (full 3):
 PSYoungGen      total 7168K, used 480K [0x00000000d5580000, 0x00000000d5e00000, 0x0000000100000000)
  eden space 6656K, 0% used [0x00000000d5580000,0x00000000d5580000,0x00000000d5c00000)
  from space 512K, 93% used [0x00000000d5c00000,0x00000000d5c78020,0x00000000d5c80000)
  to   space 1024K, 0% used [0x00000000d5d00000,0x00000000d5d00000,0x00000000d5e00000)
 ParOldGen       total 151040K, used 150758K [0x0000000080000000, 0x0000000089380000, 0x00000000d5580000)
  object space 151040K, 99% used [0x0000000080000000,0x00000000893399a0,0x0000000089380000)
 Metaspace       used 68941K, committed 70400K, reserved 1114112K
  class space    used 7074K, committed 7680K, reserved 1048576K
}
Event: 65.703 GC heap before
{Heap before GC invocations=295 (full 3):
 PSYoungGen      total 7168K, used 7136K [0x00000000d5580000, 0x00000000d5e00000, 0x0000000100000000)
  eden space 6656K, 100% used [0x00000000d5580000,0x00000000d5c00000,0x00000000d5c00000)
  from space 512K, 93% used [0x00000000d5c00000,0x00000000d5c78020,0x00000000d5c80000)
  to   space 1024K, 0% used [0x00000000d5d00000,0x00000000d5d00000,0x00000000d5e00000)
 ParOldGen       total 151040K, used 150758K [0x0000000080000000, 0x0000000089380000, 0x00000000d5580000)
  object space 151040K, 99% used [0x0000000080000000,0x00000000893399a0,0x0000000089380000)
 Metaspace       used 68987K, committed 70528K, reserved 1114112K
  class space    used 7076K, committed 7744K, reserved 1048576K
}
Event: 65.718 GC heap after
{Heap after GC invocations=295 (full 3):
 PSYoungGen      total 7680K, used 608K [0x00000000d5580000, 0x00000000d5e00000, 0x0000000100000000)
  eden space 6656K, 0% used [0x00000000d5580000,0x00000000d5580000,0x00000000d5c00000)
  from space 1024K, 59% used [0x00000000d5d00000,0x00000000d5d98000,0x00000000d5e00000)
  to   space 1024K, 0% used [0x00000000d5c00000,0x00000000d5c00000,0x00000000d5d00000)
 ParOldGen       total 151552K, used 151262K [0x0000000080000000, 0x0000000089400000, 0x00000000d5580000)
  object space 151552K, 99% used [0x0000000080000000,0x00000000893b79c0,0x0000000089400000)
 Metaspace       used 68987K, committed 70528K, reserved 1114112K
  class space    used 7076K, committed 7744K, reserved 1048576K
}
Event: 65.981 GC heap before
{Heap before GC invocations=296 (full 3):
 PSYoungGen      total 7680K, used 7263K [0x00000000d5580000, 0x00000000d5e00000, 0x0000000100000000)
  eden space 6656K, 99% used [0x00000000d5580000,0x00000000d5bfffe8,0x00000000d5c00000)
  from space 1024K, 59% used [0x00000000d5d00000,0x00000000d5d98000,0x00000000d5e00000)
  to   space 1024K, 0% used [0x00000000d5c00000,0x00000000d5c00000,0x00000000d5d00000)
 ParOldGen       total 151552K, used 151262K [0x0000000080000000, 0x0000000089400000, 0x00000000d5580000)
  object space 151552K, 99% used [0x0000000080000000,0x00000000893b79c0,0x0000000089400000)
 Metaspace       used 68988K, committed 70528K, reserved 1114112K
  class space    used 7076K, committed 7744K, reserved 1048576K
}
Event: 65.987 GC heap after
{Heap after GC invocations=296 (full 3):
 PSYoungGen      total 7680K, used 1008K [0x00000000d5580000, 0x00000000d6100000, 0x0000000100000000)
  eden space 6656K, 0% used [0x00000000d5580000,0x00000000d5580000,0x00000000d5c00000)
  from space 1024K, 98% used [0x00000000d5c00000,0x00000000d5cfc010,0x00000000d5d00000)
  to   space 2560K, 0% used [0x00000000d5e80000,0x00000000d5e80000,0x00000000d6100000)
 ParOldGen       total 152576K, used 152097K [0x0000000080000000, 0x0000000089500000, 0x00000000d5580000)
  object space 152576K, 99% used [0x0000000080000000,0x0000000089488628,0x0000000089500000)
 Metaspace       used 68988K, committed 70528K, reserved 1114112K
  class space    used 7076K, committed 7744K, reserved 1048576K
}
Event: 66.348 GC heap before
{Heap before GC invocations=297 (full 3):
 PSYoungGen      total 7680K, used 7664K [0x00000000d5580000, 0x00000000d6100000, 0x0000000100000000)
  eden space 6656K, 100% used [0x00000000d5580000,0x00000000d5c00000,0x00000000d5c00000)
  from space 1024K, 98% used [0x00000000d5c00000,0x00000000d5cfc010,0x00000000d5d00000)
  to   space 2560K, 0% used [0x00000000d5e80000,0x00000000d5e80000,0x00000000d6100000)
 ParOldGen       total 152576K, used 152097K [0x0000000080000000, 0x0000000089500000, 0x00000000d5580000)
  object space 152576K, 99% used [0x0000000080000000,0x0000000089488628,0x0000000089500000)
 Metaspace       used 69032K, committed 70528K, reserved 1114112K
  class space    used 7076K, committed 7744K, reserved 1048576K
}
Event: 66.352 GC heap after
{Heap after GC invocations=297 (full 3):
 PSYoungGen      total 8192K, used 1248K [0x00000000d5580000, 0x00000000d6000000, 0x0000000100000000)
  eden space 6656K, 0% used [0x00000000d5580000,0x00000000d5580000,0x00000000d5c00000)
  from space 1536K, 81% used [0x00000000d5e80000,0x00000000d5fb8010,0x00000000d6000000)
  to   space 1536K, 0% used [0x00000000d5d00000,0x00000000d5d00000,0x00000000d5e80000)
 ParOldGen       total 153600K, used 153089K [0x0000000080000000, 0x0000000089600000, 0x00000000d5580000)
  object space 153600K, 99% used [0x0000000080000000,0x0000000089580628,0x0000000089600000)
 Metaspace       used 69032K, committed 70528K, reserved 1114112K
  class space    used 7076K, committed 7744K, reserved 1048576K
}
Event: 66.723 GC heap before
{Heap before GC invocations=298 (full 3):
 PSYoungGen      total 8192K, used 7903K [0x00000000d5580000, 0x00000000d6000000, 0x0000000100000000)
  eden space 6656K, 99% used [0x00000000d5580000,0x00000000d5bfffe8,0x00000000d5c00000)
  from space 1536K, 81% used [0x00000000d5e80000,0x00000000d5fb8010,0x00000000d6000000)
  to   space 1536K, 0% used [0x00000000d5d00000,0x00000000d5d00000,0x00000000d5e80000)
 ParOldGen       total 153600K, used 153089K [0x0000000080000000, 0x0000000089600000, 0x00000000d5580000)
  object space 153600K, 99% used [0x0000000080000000,0x0000000089580628,0x0000000089600000)
 Metaspace       used 69215K, committed 70720K, reserved 1114112K
  class space    used 7092K, committed 7744K, reserved 1048576K
}
Event: 66.731 GC heap after
{Heap after GC invocations=298 (full 3):
 PSYoungGen      total 8192K, used 1511K [0x00000000d5580000, 0x00000000d6200000, 0x0000000100000000)
  eden space 6656K, 0% used [0x00000000d5580000,0x00000000d5580000,0x00000000d5c00000)
  from space 1536K, 98% used [0x00000000d5d00000,0x00000000d5e79c58,0x00000000d5e80000)
  to   space 3072K, 0% used [0x00000000d5f00000,0x00000000d5f00000,0x00000000d6200000)
 ParOldGen       total 154624K, used 154223K [0x0000000080000000, 0x0000000089700000, 0x00000000d5580000)
  object space 154624K, 99% used [0x0000000080000000,0x000000008969bc08,0x0000000089700000)
 Metaspace       used 69215K, committed 70720K, reserved 1114112K
  class space    used 7092K, committed 7744K, reserved 1048576K
}
Event: 66.801 GC heap before
{Heap before GC invocations=299 (full 3):
 PSYoungGen      total 8192K, used 8167K [0x00000000d5580000, 0x00000000d6200000, 0x0000000100000000)
  eden space 6656K, 100% used [0x00000000d5580000,0x00000000d5c00000,0x00000000d5c00000)
  from space 1536K, 98% used [0x00000000d5d00000,0x00000000d5e79c58,0x00000000d5e80000)
  to   space 3072K, 0% used [0x00000000d5f00000,0x00000000d5f00000,0x00000000d6200000)
 ParOldGen       total 154624K, used 154223K [0x0000000080000000, 0x0000000089700000, 0x00000000d5580000)
  object space 154624K, 99% used [0x0000000080000000,0x000000008969bc08,0x0000000089700000)
 Metaspace       used 69215K, committed 70720K, reserved 1114112K
  class space    used 7092K, committed 7744K, reserved 1048576K
}
Event: 66.805 GC heap after
{Heap after GC invocations=299 (full 3):
 PSYoungGen      total 9216K, used 2110K [0x00000000d5580000, 0x00000000d6180000, 0x0000000100000000)
  eden space 6656K, 0% used [0x00000000d5580000,0x00000000d5580000,0x00000000d5c00000)
  from space 2560K, 82% used [0x00000000d5f00000,0x00000000d610fb58,0x00000000d6180000)
  to   space 2560K, 0% used [0x00000000d5c80000,0x00000000d5c80000,0x00000000d5f00000)
 ParOldGen       total 156160K, used 155741K [0x0000000080000000, 0x0000000089880000, 0x00000000d5580000)
  object space 156160K, 99% used [0x0000000080000000,0x00000000898174f8,0x0000000089880000)
 Metaspace       used 69215K, committed 70720K, reserved 1114112K
  class space    used 7092K, committed 7744K, reserved 1048576K
}
Event: 67.008 GC heap before
{Heap before GC invocations=300 (full 3):
 PSYoungGen      total 9216K, used 8766K [0x00000000d5580000, 0x00000000d6180000, 0x0000000100000000)
  eden space 6656K, 100% used [0x00000000d5580000,0x00000000d5c00000,0x00000000d5c00000)
  from space 2560K, 82% used [0x00000000d5f00000,0x00000000d610fb58,0x00000000d6180000)
  to   space 2560K, 0% used [0x00000000d5c80000,0x00000000d5c80000,0x00000000d5f00000)
 ParOldGen       total 156160K, used 155741K [0x0000000080000000, 0x0000000089880000, 0x00000000d5580000)
  object space 156160K, 99% used [0x0000000080000000,0x00000000898174f8,0x0000000089880000)
 Metaspace       used 69216K, committed 70720K, reserved 1114112K
  class space    used 7092K, committed 7744K, reserved 1048576K
}
Event: 67.449 GC heap after
{Heap after GC invocations=300 (full 3):
 PSYoungGen      total 9216K, used 2243K [0x00000000d5580000, 0x00000000d6100000, 0x0000000100000000)
  eden space 6656K, 0% used [0x00000000d5580000,0x00000000d5580000,0x00000000d5c00000)
  from space 2560K, 87% used [0x00000000d5c80000,0x00000000d5eb0f18,0x00000000d5f00000)
  to   space 2048K, 0% used [0x00000000d5f00000,0x00000000d5f00000,0x00000000d6100000)
 ParOldGen       total 158208K, used 157807K [0x0000000080000000, 0x0000000089a80000, 0x00000000d5580000)
  object space 158208K, 99% used [0x0000000080000000,0x0000000089a1bed0,0x0000000089a80000)
 Metaspace       used 69216K, committed 70720K, reserved 1114112K
  class space    used 7092K, committed 7744K, reserved 1048576K
}
Event: 68.630 GC heap before
{Heap before GC invocations=301 (full 3):
 PSYoungGen      total 9216K, used 8899K [0x00000000d5580000, 0x00000000d6100000, 0x0000000100000000)
  eden space 6656K, 100% used [0x00000000d5580000,0x00000000d5c00000,0x00000000d5c00000)
  from space 2560K, 87% used [0x00000000d5c80000,0x00000000d5eb0f18,0x00000000d5f00000)
  to   space 2048K, 0% used [0x00000000d5f00000,0x00000000d5f00000,0x00000000d6100000)
 ParOldGen       total 158208K, used 157807K [0x0000000080000000, 0x0000000089a80000, 0x00000000d5580000)
  object space 158208K, 99% used [0x0000000080000000,0x0000000089a1bed0,0x0000000089a80000)
 Metaspace       used 69218K, committed 70720K, reserved 1114112K
  class space    used 7092K, committed 7744K, reserved 1048576K
}
Event: 68.635 GC heap after
{Heap after GC invocations=301 (full 3):
 PSYoungGen      total 6656K, used 2037K [0x00000000d5580000, 0x00000000d6600000, 0x0000000100000000)
  eden space 4608K, 0% used [0x00000000d5580000,0x00000000d5580000,0x00000000d5a00000)
  from space 2048K, 99% used [0x00000000d5f00000,0x00000000d60fd400,0x00000000d6100000)
  to   space 5120K, 0% used [0x00000000d5a00000,0x00000000d5a00000,0x00000000d5f00000)
 ParOldGen       total 160256K, used 160153K [0x0000000080000000, 0x0000000089c80000, 0x00000000d5580000)
  object space 160256K, 99% used [0x0000000080000000,0x0000000089c665d0,0x0000000089c80000)
 Metaspace       used 69218K, committed 70720K, reserved 1114112K
  class space    used 7092K, committed 7744K, reserved 1048576K
}
Event: 68.654 GC heap before
{Heap before GC invocations=302 (full 3):
 PSYoungGen      total 6656K, used 6645K [0x00000000d5580000, 0x00000000d6600000, 0x0000000100000000)
  eden space 4608K, 100% used [0x00000000d5580000,0x00000000d5a00000,0x00000000d5a00000)
  from space 2048K, 99% used [0x00000000d5f00000,0x00000000d60fd400,0x00000000d6100000)
  to   space 5120K, 0% used [0x00000000d5a00000,0x00000000d5a00000,0x00000000d5f00000)
 ParOldGen       total 160256K, used 160153K [0x0000000080000000, 0x0000000089c80000, 0x00000000d5580000)
  object space 160256K, 99% used [0x0000000080000000,0x0000000089c665d0,0x0000000089c80000)
 Metaspace       used 69218K, committed 70720K, reserved 1114112K
  class space    used 7092K, committed 7744K, reserved 1048576K
}
Event: 68.658 GC heap after
{Heap after GC invocations=302 (full 3):
 PSYoungGen      total 7168K, used 2327K [0x00000000d5580000, 0x00000000d6000000, 0x0000000100000000)
  eden space 4608K, 0% used [0x00000000d5580000,0x00000000d5580000,0x00000000d5a00000)
  from space 2560K, 90% used [0x00000000d5a00000,0x00000000d5c45f88,0x00000000d5c80000)
  to   space 3072K, 0% used [0x00000000d5d00000,0x00000000d5d00000,0x00000000d6000000)
 ParOldGen       total 162304K, used 162167K [0x0000000080000000, 0x0000000089e80000, 0x00000000d5580000)
  object space 162304K, 99% used [0x0000000080000000,0x0000000089e5de38,0x0000000089e80000)
 Metaspace       used 69218K, committed 70720K, reserved 1114112K
  class space    used 7092K, committed 7744K, reserved 1048576K
}
Event: 68.686 GC heap before
{Heap before GC invocations=303 (full 3):
 PSYoungGen      total 7168K, used 6935K [0x00000000d5580000, 0x00000000d6000000, 0x0000000100000000)
  eden space 4608K, 99% used [0x00000000d5580000,0x00000000d59ffff8,0x00000000d5a00000)
  from space 2560K, 90% used [0x00000000d5a00000,0x00000000d5c45f88,0x00000000d5c80000)
  to   space 3072K, 0% used [0x00000000d5d00000,0x00000000d5d00000,0x00000000d6000000)
 ParOldGen       total 162304K, used 162167K [0x0000000080000000, 0x0000000089e80000, 0x00000000d5580000)
  object space 162304K, 99% used [0x0000000080000000,0x0000000089e5de38,0x0000000089e80000)
 Metaspace       used 69220K, committed 70720K, reserved 1114112K
  class space    used 7092K, committed 7744K, reserved 1048576K
}
Event: 68.690 GC heap after
{Heap after GC invocations=303 (full 3):
 PSYoungGen      total 5632K, used 651K [0x00000000d5580000, 0x00000000d5e00000, 0x0000000100000000)
  eden space 4608K, 0% used [0x00000000d5580000,0x00000000d5580000,0x00000000d5a00000)
  from space 1024K, 63% used [0x00000000d5d00000,0x00000000d5da2c98,0x00000000d5e00000)
  to   space 1536K, 0% used [0x00000000d5b00000,0x00000000d5b00000,0x00000000d5c80000)
 ParOldGen       total 164864K, used 164452K [0x0000000080000000, 0x000000008a100000, 0x00000000d5580000)
  object space 164864K, 99% used [0x0000000080000000,0x000000008a0991a8,0x000000008a100000)
 Metaspace       used 69220K, committed 70720K, reserved 1114112K
  class space    used 7092K, committed 7744K, reserved 1048576K
}

