# JRE version: OpenJDK Runtime Environment Temurin-21.0.10+7 (21.0.10+7) (build 21.0.10+7-LTS)
# Java VM: OpenJDK 64-Bit Server VM Temurin-21.0.10+7 (21.0.10+7-LTS, mixed mode, sharing, tiered, compressed oops, compressed class ptrs, parallel gc, windows-amd64)
GC Precious Log:
 CardTable entry size: 512
 CPUs: 4 total, 4 available
 Memory: 3915M
 Large Page Support: Disabled
 NUMA Support: Disabled
 Compressed Oops: Enabled (32-bit)
 Alignments: Space 512K, Generation 512K, Heap 2M
 Heap Min Capacity: 100M
 Heap Initial Capacity: 100M
 Heap Max Capacity: 2G
 Pre-touch: Disabled
 Parallel Workers: 4
Heap:
 PSYoungGen      total 15872K, used 2325K [0x00000000d5580000, 0x00000000d6700000, 0x0000000100000000)
  eden space 14336K, 9% used [0x00000000d5580000,0x00000000d56c57d0,0x00000000d6380000)
  from space 1536K, 66% used [0x00000000d6580000,0x00000000d6680020,0x00000000d6700000)
  to   space 1536K, 0% used [0x00000000d6400000,0x00000000d6400000,0x00000000d6580000)
 ParOldGen       total 185856K, used 185819K [0x0000000080000000, 0x000000008b580000, 0x00000000d5580000)
  object space 185856K, 99% used [0x0000000080000000,0x000000008b576cc8,0x000000008b580000)
 Metaspace       used 69260K, committed 70784K, reserved 1114112K
  class space    used 7161K, committed 7808K, reserved 1048576K
GC Heap History (20 events):
Event: 113.743 GC heap before
{Heap before GC invocations=108 (full 3):
 PSYoungGen      total 15360K, used 15360K [0x00000000d5580000, 0x00000000d6980000, 0x0000000100000000)
  eden space 14336K, 100% used [0x00000000d5580000,0x00000000d6380000,0x00000000d6380000)
  from space 1024K, 100% used [0x00000000d6880000,0x00000000d6980000,0x00000000d6980000)
  to   space 2048K, 0% used [0x00000000d6580000,0x00000000d6580000,0x00000000d6780000)
 ParOldGen       total 177152K, used 177148K [0x0000000080000000, 0x000000008ad00000, 0x00000000d5580000)
  object space 177152K, 99% used [0x0000000080000000,0x000000008acff028,0x000000008ad00000)
 Metaspace       used 66882K, committed 68288K, reserved 1114112K
  class space    used 6968K, committed 7552K, reserved 1048576K
}
Event: 113.747 GC heap after
{Heap after GC invocations=108 (full 3):
 PSYoungGen      total 16384K, used 1216K [0x00000000d5580000, 0x00000000d6900000, 0x0000000100000000)
  eden space 14336K, 0% used [0x00000000d5580000,0x00000000d5580000,0x00000000d6380000)
  from space 2048K, 59% used [0x00000000d6580000,0x00000000d66b0010,0x00000000d6780000)
  to   space 1536K, 0% used [0x00000000d6780000,0x00000000d6780000,0x00000000d6900000)
 ParOldGen       total 178176K, used 178172K [0x0000000080000000, 0x000000008ae00000, 0x00000000d5580000)
  object space 178176K, 99% used [0x0000000080000000,0x000000008adff038,0x000000008ae00000)
 Metaspace       used 66882K, committed 68288K, reserved 1114112K
  class space    used 6968K, committed 7552K, reserved 1048576K
}
Event: 114.287 GC heap before
{Heap before GC invocations=109 (full 3):
 PSYoungGen      total 16384K, used 15552K [0x00000000d5580000, 0x00000000d6900000, 0x0000000100000000)
  eden space 14336K, 100% used [0x00000000d5580000,0x00000000d6380000,0x00000000d6380000)
  from space 2048K, 59% used [0x00000000d6580000,0x00000000d66b0010,0x00000000d6780000)
  to   space 1536K, 0% used [0x00000000d6780000,0x00000000d6780000,0x00000000d6900000)
 ParOldGen       total 178176K, used 178172K [0x0000000080000000, 0x000000008ae00000, 0x00000000d5580000)
  object space 178176K, 99% used [0x0000000080000000,0x000000008adff038,0x000000008ae00000)
 Metaspace       used 67380K, committed 68864K, reserved 1114112K
  class space    used 7030K, committed 7680K, reserved 1048576K
}
Event: 114.292 GC heap after
{Heap after GC invocations=109 (full 3):
 PSYoungGen      total 15872K, used 1504K [0x00000000d5580000, 0x00000000d6900000, 0x0000000100000000)
  eden space 14336K, 0% used [0x00000000d5580000,0x00000000d5580000,0x00000000d6380000)
  from space 1536K, 97% used [0x00000000d6780000,0x00000000d68f8000,0x00000000d6900000)
  to   space 2048K, 0% used [0x00000000d6500000,0x00000000d6500000,0x00000000d6700000)
 ParOldGen       total 179200K, used 178716K [0x0000000080000000, 0x000000008af00000, 0x00000000d5580000)
  object space 179200K, 99% used [0x0000000080000000,0x000000008ae87048,0x000000008af00000)
 Metaspace       used 67380K, committed 68864K, reserved 1114112K
  class space    used 7030K, committed 7680K, reserved 1048576K
}
Event: 114.887 GC heap before
{Heap before GC invocations=110 (full 3):
 PSYoungGen      total 15872K, used 15840K [0x00000000d5580000, 0x00000000d6900000, 0x0000000100000000)
  eden space 14336K, 100% used [0x00000000d5580000,0x00000000d6380000,0x00000000d6380000)
  from space 1536K, 97% used [0x00000000d6780000,0x00000000d68f8000,0x00000000d6900000)
  to   space 2048K, 0% used [0x00000000d6500000,0x00000000d6500000,0x00000000d6700000)
 ParOldGen       total 179200K, used 178716K [0x0000000080000000, 0x000000008af00000, 0x00000000d5580000)
  object space 179200K, 99% used [0x0000000080000000,0x000000008ae87048,0x000000008af00000)
 Metaspace       used 68011K, committed 69504K, reserved 1114112K
  class space    used 7079K, committed 7680K, reserved 1048576K
}
Event: 114.892 GC heap after
{Heap after GC invocations=110 (full 3):
 PSYoungGen      total 15360K, used 941K [0x00000000d5580000, 0x00000000d6800000, 0x0000000100000000)
  eden space 14336K, 0% used [0x00000000d5580000,0x00000000d5580000,0x00000000d6380000)
  from space 1024K, 91% used [0x00000000d6500000,0x00000000d65eb690,0x00000000d6600000)
  to   space 1536K, 0% used [0x00000000d6680000,0x00000000d6680000,0x00000000d6800000)
 ParOldGen       total 180224K, used 180153K [0x0000000080000000, 0x000000008b000000, 0x00000000d5580000)
  object space 180224K, 99% used [0x0000000080000000,0x000000008afee4b8,0x000000008b000000)
 Metaspace       used 68011K, committed 69504K, reserved 1114112K
  class space    used 7079K, committed 7680K, reserved 1048576K
}
Event: 115.546 GC heap before
{Heap before GC invocations=111 (full 3):
 PSYoungGen      total 15360K, used 15277K [0x00000000d5580000, 0x00000000d6800000, 0x0000000100000000)
  eden space 14336K, 100% used [0x00000000d5580000,0x00000000d6380000,0x00000000d6380000)
  from space 1024K, 91% used [0x00000000d6500000,0x00000000d65eb690,0x00000000d6600000)
  to   space 1536K, 0% used [0x00000000d6680000,0x00000000d6680000,0x00000000d6800000)
 ParOldGen       total 180224K, used 180153K [0x0000000080000000, 0x000000008b000000, 0x00000000d5580000)
  object space 180224K, 99% used [0x0000000080000000,0x000000008afee4b8,0x000000008b000000)
 Metaspace       used 68137K, committed 69696K, reserved 1114112K
  class space    used 7086K, committed 7744K, reserved 1048576K
}
Event: 115.552 GC heap after
{Heap after GC invocations=111 (full 3):
 PSYoungGen      total 15360K, used 832K [0x00000000d5580000, 0x00000000d6780000, 0x0000000100000000)
  eden space 14336K, 0% used [0x00000000d5580000,0x00000000d5580000,0x00000000d6380000)
  from space 1024K, 81% used [0x00000000d6680000,0x00000000d6750020,0x00000000d6780000)
  to   space 1024K, 0% used [0x00000000d6500000,0x00000000d6500000,0x00000000d6600000)
 ParOldGen       total 181248K, used 180986K [0x0000000080000000, 0x000000008b100000, 0x00000000d5580000)
  object space 181248K, 99% used [0x0000000080000000,0x000000008b0bebe0,0x000000008b100000)
 Metaspace       used 68137K, committed 69696K, reserved 1114112K
  class space    used 7086K, committed 7744K, reserved 1048576K
}
Event: 117.753 GC heap before
{Heap before GC invocations=112 (full 3):
 PSYoungGen      total 15360K, used 15134K [0x00000000d5580000, 0x00000000d6780000, 0x0000000100000000)
  eden space 14336K, 99% used [0x00000000d5580000,0x00000000d6377840,0x00000000d6380000)
  from space 1024K, 81% used [0x00000000d6680000,0x00000000d6750020,0x00000000d6780000)
  to   space 1024K, 0% used [0x00000000d6500000,0x00000000d6500000,0x00000000d6600000)
 ParOldGen       total 181248K, used 180986K [0x0000000080000000, 0x000000008b100000, 0x00000000d5580000)
  object space 181248K, 99% used [0x0000000080000000,0x000000008b0bebe0,0x000000008b100000)
 Metaspace       used 68243K, committed 69760K, reserved 1114112K
  class space    used 7094K, committed 7744K, reserved 1048576K
}
Event: 117.756 GC heap after
{Heap after GC invocations=112 (full 3):
 PSYoungGen      total 15360K, used 473K [0x00000000d5580000, 0x00000000d6700000, 0x0000000100000000)
  eden space 14336K, 0% used [0x00000000d5580000,0x00000000d5580000,0x00000000d6380000)
  from space 1024K, 46% used [0x00000000d6500000,0x00000000d6576410,0x00000000d6600000)
  to   space 1024K, 0% used [0x00000000d6600000,0x00000000d6600000,0x00000000d6700000)
 ParOldGen       total 182272K, used 181776K [0x0000000080000000, 0x000000008b200000, 0x00000000d5580000)
  object space 182272K, 99% used [0x0000000080000000,0x000000008b1843a0,0x000000008b200000)
 Metaspace       used 68243K, committed 69760K, reserved 1114112K
  class space    used 7094K, committed 7744K, reserved 1048576K
}
Event: 118.330 GC heap before
{Heap before GC invocations=113 (full 3):
 PSYoungGen      total 15360K, used 14720K [0x00000000d5580000, 0x00000000d6700000, 0x0000000100000000)
  eden space 14336K, 99% used [0x00000000d5580000,0x00000000d6369ca8,0x00000000d6380000)
  from space 1024K, 46% used [0x00000000d6500000,0x00000000d6576410,0x00000000d6600000)
  to   space 1024K, 0% used [0x00000000d6600000,0x00000000d6600000,0x00000000d6700000)
 ParOldGen       total 182272K, used 181776K [0x0000000080000000, 0x000000008b200000, 0x00000000d5580000)
  object space 182272K, 99% used [0x0000000080000000,0x000000008b1843a0,0x000000008b200000)
 Metaspace       used 68278K, committed 69760K, reserved 1114112K
  class space    used 7095K, committed 7744K, reserved 1048576K
}
Event: 118.335 GC heap after
{Heap after GC invocations=113 (full 3):
 PSYoungGen      total 14848K, used 160K [0x00000000d5580000, 0x00000000d6680000, 0x0000000100000000)
  eden space 14336K, 0% used [0x00000000d5580000,0x00000000d5580000,0x00000000d6380000)
  from space 512K, 31% used [0x00000000d6600000,0x00000000d6628000,0x00000000d6680000)
  to   space 512K, 0% used [0x00000000d6580000,0x00000000d6580000,0x00000000d6600000)
 ParOldGen       total 184320K, used 183725K [0x0000000080000000, 0x000000008b400000, 0x00000000d5580000)
  object space 184320K, 99% used [0x0000000080000000,0x000000008b36b7f0,0x000000008b400000)
 Metaspace       used 68278K, committed 69760K, reserved 1114112K
  class space    used 7095K, committed 7744K, reserved 1048576K
}
Event: 120.538 GC heap before
{Heap before GC invocations=114 (full 3):
 PSYoungGen      total 14848K, used 14496K [0x00000000d5580000, 0x00000000d6680000, 0x0000000100000000)
  eden space 14336K, 100% used [0x00000000d5580000,0x00000000d6380000,0x00000000d6380000)
  from space 512K, 31% used [0x00000000d6600000,0x00000000d6628000,0x00000000d6680000)
  to   space 512K, 0% used [0x00000000d6580000,0x00000000d6580000,0x00000000d6600000)
 ParOldGen       total 184320K, used 183725K [0x0000000080000000, 0x000000008b400000, 0x00000000d5580000)
  object space 184320K, 99% used [0x0000000080000000,0x000000008b36b7f0,0x000000008b400000)
 Metaspace       used 68480K, committed 69952K, reserved 1114112K
  class space    used 7106K, committed 7744K, reserved 1048576K
}
Event: 120.541 GC heap after
{Heap after GC invocations=114 (full 3):
 PSYoungGen      total 14848K, used 498K [0x00000000d5580000, 0x00000000d6680000, 0x0000000100000000)
  eden space 14336K, 0% used [0x00000000d5580000,0x00000000d5580000,0x00000000d6380000)
  from space 512K, 97% used [0x00000000d6580000,0x00000000d65fc8d0,0x00000000d6600000)
  to   space 512K, 0% used [0x00000000d6600000,0x00000000d6600000,0x00000000d6680000)
 ParOldGen       total 184320K, used 183976K [0x0000000080000000, 0x000000008b400000, 0x00000000d5580000)
  object space 184320K, 99% used [0x0000000080000000,0x000000008b3aa0c0,0x000000008b400000)
 Metaspace       used 68480K, committed 69952K, reserved 1114112K
  class space    used 7106K, committed 7744K, reserved 1048576K
}
Event: 1262.929 GC heap before
{Heap before GC invocations=115 (full 3):
 PSYoungGen      total 14848K, used 14834K [0x00000000d5580000, 0x00000000d6680000, 0x0000000100000000)
  eden space 14336K, 100% used [0x00000000d5580000,0x00000000d6380000,0x00000000d6380000)
  from space 512K, 97% used [0x00000000d6580000,0x00000000d65fc8d0,0x00000000d6600000)
  to   space 512K, 0% used [0x00000000d6600000,0x00000000d6600000,0x00000000d6680000)
 ParOldGen       total 184320K, used 183976K [0x0000000080000000, 0x000000008b400000, 0x00000000d5580000)
  object space 184320K, 99% used [0x0000000080000000,0x000000008b3aa0c0,0x000000008b400000)
 Metaspace       used 69024K, committed 70528K, reserved 1114112K
  class space    used 7160K, committed 7808K, reserved 1048576K
}
Event: 1263.386 GC heap after
{Heap after GC invocations=115 (full 3):
 PSYoungGen      total 14848K, used 496K [0x00000000d5580000, 0x00000000d6680000, 0x0000000100000000)
  eden space 14336K, 0% used [0x00000000d5580000,0x00000000d5580000,0x00000000d6380000)
  from space 512K, 97% used [0x00000000d6600000,0x00000000d667c2c0,0x00000000d6680000)
  to   space 1024K, 0% used [0x00000000d6480000,0x00000000d6480000,0x00000000d6580000)
 ParOldGen       total 184832K, used 184342K [0x0000000080000000, 0x000000008b480000, 0x00000000d5580000)
  object space 184832K, 99% used [0x0000000080000000,0x000000008b405938,0x000000008b480000)
 Metaspace       used 69024K, committed 70528K, reserved 1114112K
  class space    used 7160K, committed 7808K, reserved 1048576K
}
Event: 1265.129 GC heap before
{Heap before GC invocations=116 (full 3):
 PSYoungGen      total 14848K, used 14832K [0x00000000d5580000, 0x00000000d6680000, 0x0000000100000000)
  eden space 14336K, 100% used [0x00000000d5580000,0x00000000d6380000,0x00000000d6380000)
  from space 512K, 97% used [0x00000000d6600000,0x00000000d667c2c0,0x00000000d6680000)
  to   space 1024K, 0% used [0x00000000d6480000,0x00000000d6480000,0x00000000d6580000)
 ParOldGen       total 184832K, used 184342K [0x0000000080000000, 0x000000008b480000, 0x00000000d5580000)
  object space 184832K, 99% used [0x0000000080000000,0x000000008b405938,0x000000008b480000)
 Metaspace       used 69139K, committed 70656K, reserved 1114112K
  class space    used 7161K, committed 7808K, reserved 1048576K
}
Event: 1265.146 GC heap after
{Heap after GC invocations=116 (full 3):
 PSYoungGen      total 15360K, used 996K [0x00000000d5580000, 0x00000000d6780000, 0x0000000100000000)
  eden space 14336K, 0% used [0x00000000d5580000,0x00000000d5580000,0x00000000d6380000)
  from space 1024K, 97% used [0x00000000d6480000,0x00000000d6579210,0x00000000d6580000)
  to   space 2048K, 0% used [0x00000000d6580000,0x00000000d6580000,0x00000000d6780000)
 ParOldGen       total 185344K, used 184860K [0x0000000080000000, 0x000000008b500000, 0x00000000d5580000)
  object space 185344K, 99% used [0x0000000080000000,0x000000008b487078,0x000000008b500000)
 Metaspace       used 69139K, committed 70656K, reserved 1114112K
  class space    used 7161K, committed 7808K, reserved 1048576K
}
Event: 1265.388 GC heap before
{Heap before GC invocations=117 (full 3):
 PSYoungGen      total 15360K, used 15332K [0x00000000d5580000, 0x00000000d6780000, 0x0000000100000000)
  eden space 14336K, 100% used [0x00000000d5580000,0x00000000d6380000,0x00000000d6380000)
  from space 1024K, 97% used [0x00000000d6480000,0x00000000d6579210,0x00000000d6580000)
  to   space 2048K, 0% used [0x00000000d6580000,0x00000000d6580000,0x00000000d6780000)
 ParOldGen       total 185344K, used 184860K [0x0000000080000000, 0x000000008b500000, 0x00000000d5580000)
  object space 185344K, 99% used [0x0000000080000000,0x000000008b487078,0x000000008b500000)
 Metaspace       used 69177K, committed 70720K, reserved 1114112K
  class space    used 7161K, committed 7808K, reserved 1048576K
}
Event: 1265.398 GC heap after
{Heap after GC invocations=117 (full 3):
 PSYoungGen      total 15872K, used 1024K [0x00000000d5580000, 0x00000000d6700000, 0x0000000100000000)
  eden space 14336K, 0% used [0x00000000d5580000,0x00000000d5580000,0x00000000d6380000)
  from space 1536K, 66% used [0x00000000d6580000,0x00000000d6680020,0x00000000d6700000)
  to   space 1536K, 0% used [0x00000000d6400000,0x00000000d6400000,0x00000000d6580000)
 ParOldGen       total 185856K, used 185819K [0x0000000080000000, 0x000000008b580000, 0x00000000d5580000)
  object space 185856K, 99% used [0x0000000080000000,0x000000008b576cc8,0x000000008b580000)
 Metaspace       used 69177K, committed 70720K, reserved 1114112K
  class space    used 7161K, committed 7808K, reserved 1048576K
}

